c:\dev\cohort18-private\prog2final\zeropercentcoverage\fieagameengine\build\obj\game.desktop\x64\debug\game.desktop.pch
c:\dev\cohort18-private\prog2final\zeropercentcoverage\fieagameengine\build\obj\game.desktop\x64\debug\vc142.pdb
c:\dev\cohort18-private\prog2final\zeropercentcoverage\fieagameengine\build\obj\game.desktop\x64\debug\vc142.idb
c:\dev\cohort18-private\prog2final\zeropercentcoverage\fieagameengine\build\obj\game.desktop\x64\debug\pch.obj
c:\dev\cohort18-private\prog2final\zeropercentcoverage\fieagameengine\build\obj\game.desktop\x64\debug\renderer.obj
c:\dev\cohort18-private\prog2final\zeropercentcoverage\fieagameengine\build\obj\game.desktop\x64\debug\program.obj
c:\dev\cohort18-private\prog2final\zeropercentcoverage\fieagameengine\build\obj\game.desktop\x64\debug\playermanager.obj
c:\dev\cohort18-private\prog2final\zeropercentcoverage\fieagameengine\build\obj\game.desktop\x64\debug\playerprojectile.obj
c:\dev\cohort18-private\prog2final\zeropercentcoverage\fieagameengine\build\obj\game.desktop\x64\debug\platform.obj
c:\dev\cohort18-private\prog2final\zeropercentcoverage\fieagameengine\build\obj\game.desktop\x64\debug\audiomanager.obj
c:\dev\cohort18-private\prog2final\zeropercentcoverage\fieagameengine\build\obj\game.desktop\x64\debug\timeplatform.obj
c:\dev\cohort18-private\prog2final\zeropercentcoverage\fieagameengine\build\obj\game.desktop\x64\debug\moveableplatform.obj
c:\dev\cohort18-private\prog2final\zeropercentcoverage\fieagameengine\build\obj\game.desktop\x64\debug\levelmanager.obj
c:\dev\cohort18-private\prog2final\zeropercentcoverage\fieagameengine\build\obj\game.desktop\x64\debug\level.obj
c:\dev\cohort18-private\prog2final\zeropercentcoverage\fieagameengine\build\obj\game.desktop\x64\debug\destructableplatform.obj
c:\dev\cohort18-private\prog2final\zeropercentcoverage\fieagameengine\build\obj\game.desktop\x64\debug\inputlistener.obj
c:\dev\cohort18-private\prog2final\zeropercentcoverage\fieagameengine\build\obj\game.desktop\x64\debug\actionsetplayerheight.obj
c:\dev\cohort18-private\prog2final\zeropercentcoverage\fieagameengine\build\bin\game.desktop\x64\debug\sdl2d.dll
c:\dev\cohort18-private\prog2final\zeropercentcoverage\fieagameengine\build\bin\game.desktop\x64\debug\sdl2_image.dll
c:\dev\cohort18-private\prog2final\zeropercentcoverage\fieagameengine\build\bin\game.desktop\x64\debug\libpng16d.dll
c:\dev\cohort18-private\prog2final\zeropercentcoverage\fieagameengine\build\bin\game.desktop\x64\debug\zlibd1.dll
c:\dev\cohort18-private\prog2final\zeropercentcoverage\fieagameengine\build\bin\game.desktop\x64\debug\sdl2_mixer.dll
c:\dev\cohort18-private\prog2final\zeropercentcoverage\fieagameengine\build\bin\game.desktop\x64\debug\sdl2_ttf.dll
c:\dev\cohort18-private\prog2final\zeropercentcoverage\fieagameengine\build\bin\game.desktop\x64\debug\freetyped.dll
c:\dev\cohort18-private\prog2final\zeropercentcoverage\fieagameengine\build\bin\game.desktop\x64\debug\bz2d.dll
c:\dev\cohort18-private\prog2final\zeropercentcoverage\fieagameengine\build\bin\game.desktop\x64\debug\brotlidec.dll
c:\dev\cohort18-private\prog2final\zeropercentcoverage\fieagameengine\build\bin\game.desktop\x64\debug\brotlicommon.dll
c:\dev\cohort18-private\prog2final\zeropercentcoverage\fieagameengine\build\bin\game.desktop\x64\debug\jsoncpp.dll
c:\dev\cohort18-private\prog2final\zeropercentcoverage\fieagameengine\build\obj\game.desktop\x64\debug\game.desktop.ilk
c:\dev\cohort18-private\prog2final\zeropercentcoverage\fieagameengine\build\bin\game.desktop\x64\debug\game.desktop.exe
c:\dev\cohort18-private\prog2final\zeropercentcoverage\fieagameengine\build\bin\game.desktop\x64\debug\game.desktop.pdb
c:\dev\cohort18-private\prog2final\zeropercentcoverage\fieagameengine\build\obj\game.desktop\x64\debug\game.desktop.tlog\cl.command.1.tlog
c:\dev\cohort18-private\prog2final\zeropercentcoverage\fieagameengine\build\obj\game.desktop\x64\debug\game.desktop.tlog\cl.read.1.tlog
c:\dev\cohort18-private\prog2final\zeropercentcoverage\fieagameengine\build\obj\game.desktop\x64\debug\game.desktop.tlog\cl.write.1.tlog
c:\dev\cohort18-private\prog2final\zeropercentcoverage\fieagameengine\build\obj\game.desktop\x64\debug\game.desktop.tlog\game.desktop.write.1u.tlog
c:\dev\cohort18-private\prog2final\zeropercentcoverage\fieagameengine\build\obj\game.desktop\x64\debug\game.desktop.tlog\link.command.1.tlog
c:\dev\cohort18-private\prog2final\zeropercentcoverage\fieagameengine\build\obj\game.desktop\x64\debug\game.desktop.tlog\link.read.1.tlog
c:\dev\cohort18-private\prog2final\zeropercentcoverage\fieagameengine\build\obj\game.desktop\x64\debug\game.desktop.tlog\link.write.1.tlog
