c:\dev\cohort18-private\prog2final\zeropercentcoverage\fieagameengine\build\obj\library.desktop\win32\debug\library.desktop.pch
c:\dev\cohort18-private\prog2final\zeropercentcoverage\fieagameengine\build\bin\library.desktop\win32\debug\library.desktop.pdb
c:\dev\cohort18-private\prog2final\zeropercentcoverage\fieagameengine\build\bin\library.desktop\win32\debug\library.desktop.idb
c:\dev\cohort18-private\prog2final\zeropercentcoverage\fieagameengine\build\obj\library.desktop\win32\debug\pch.obj
c:\dev\cohort18-private\prog2final\zeropercentcoverage\fieagameengine\build\obj\library.desktop\win32\debug\reaction.obj
c:\dev\cohort18-private\prog2final\zeropercentcoverage\fieagameengine\build\obj\library.desktop\win32\debug\jsontableparsehelper.obj
c:\dev\cohort18-private\prog2final\zeropercentcoverage\fieagameengine\build\obj\library.desktop\win32\debug\jsonparsecoordinator.obj
c:\dev\cohort18-private\prog2final\zeropercentcoverage\fieagameengine\build\obj\library.desktop\win32\debug\ijsonparsehelper.obj
c:\dev\cohort18-private\prog2final\zeropercentcoverage\fieagameengine\build\obj\library.desktop\win32\debug\gametime.obj
c:\dev\cohort18-private\prog2final\zeropercentcoverage\fieagameengine\build\obj\library.desktop\win32\debug\gamestate.obj
c:\dev\cohort18-private\prog2final\zeropercentcoverage\fieagameengine\build\obj\library.desktop\win32\debug\gameobject.obj
c:\dev\cohort18-private\prog2final\zeropercentcoverage\fieagameengine\build\obj\library.desktop\win32\debug\gameclock.obj
c:\dev\cohort18-private\prog2final\zeropercentcoverage\fieagameengine\build\obj\library.desktop\win32\debug\eventsubscriber.obj
c:\dev\cohort18-private\prog2final\zeropercentcoverage\fieagameengine\build\obj\library.desktop\win32\debug\eventqueue.obj
c:\dev\cohort18-private\prog2final\zeropercentcoverage\fieagameengine\build\obj\library.desktop\win32\debug\eventpublisher.obj
c:\dev\cohort18-private\prog2final\zeropercentcoverage\fieagameengine\build\obj\library.desktop\win32\debug\eventmessageattributed.obj
c:\dev\cohort18-private\prog2final\zeropercentcoverage\fieagameengine\build\obj\library.desktop\win32\debug\datum.obj
c:\dev\cohort18-private\prog2final\zeropercentcoverage\fieagameengine\build\obj\library.desktop\win32\debug\attributed.obj
c:\dev\cohort18-private\prog2final\zeropercentcoverage\fieagameengine\build\obj\library.desktop\win32\debug\actionlistif.obj
c:\dev\cohort18-private\prog2final\zeropercentcoverage\fieagameengine\build\obj\library.desktop\win32\debug\actionlist.obj
c:\dev\cohort18-private\prog2final\zeropercentcoverage\fieagameengine\build\obj\library.desktop\win32\debug\actionincrement.obj
c:\dev\cohort18-private\prog2final\zeropercentcoverage\fieagameengine\build\obj\library.desktop\win32\debug\actiondestroyaction.obj
c:\dev\cohort18-private\prog2final\zeropercentcoverage\fieagameengine\build\obj\library.desktop\win32\debug\actioncreateaction.obj
c:\dev\cohort18-private\prog2final\zeropercentcoverage\fieagameengine\build\obj\library.desktop\win32\debug\action.obj
c:\dev\cohort18-private\prog2final\zeropercentcoverage\fieagameengine\build\obj\library.desktop\win32\debug\enemyjump.obj
c:\dev\cohort18-private\prog2final\zeropercentcoverage\fieagameengine\build\obj\library.desktop\win32\debug\enemyhorizontal.obj
c:\dev\cohort18-private\prog2final\zeropercentcoverage\fieagameengine\build\obj\library.desktop\win32\debug\enemybase.obj
c:\dev\cohort18-private\prog2final\zeropercentcoverage\fieagameengine\build\obj\library.desktop\win32\debug\typeregistry.obj
c:\dev\cohort18-private\prog2final\zeropercentcoverage\fieagameengine\build\obj\library.desktop\win32\debug\scope.obj
c:\dev\cohort18-private\prog2final\zeropercentcoverage\fieagameengine\build\obj\library.desktop\win32\debug\reactionattributed.obj
c:\dev\cohort18-private\prog2final\zeropercentcoverage\fieagameengine\build\bin\library.desktop\win32\debug\library.desktop.lib
c:\dev\cohort18-private\prog2final\zeropercentcoverage\fieagameengine\build\obj\library.desktop\win32\debug\library.desktop.tlog\cl.command.1.tlog
c:\dev\cohort18-private\prog2final\zeropercentcoverage\fieagameengine\build\obj\library.desktop\win32\debug\library.desktop.tlog\cl.read.1.tlog
c:\dev\cohort18-private\prog2final\zeropercentcoverage\fieagameengine\build\obj\library.desktop\win32\debug\library.desktop.tlog\cl.write.1.tlog
c:\dev\cohort18-private\prog2final\zeropercentcoverage\fieagameengine\build\obj\library.desktop\win32\debug\library.desktop.tlog\lib-link.read.1.tlog
c:\dev\cohort18-private\prog2final\zeropercentcoverage\fieagameengine\build\obj\library.desktop\win32\debug\library.desktop.tlog\lib-link.write.1.tlog
c:\dev\cohort18-private\prog2final\zeropercentcoverage\fieagameengine\build\obj\library.desktop\win32\debug\library.desktop.tlog\lib.command.1.tlog
