c:\dev\cohort18-private\prog2final\zeropercentcoverage\fieagameengine\build\obj\library.desktop\win32\release\library.desktop.pch
c:\dev\cohort18-private\prog2final\zeropercentcoverage\fieagameengine\build\bin\library.desktop\win32\release\library.desktop.pdb
c:\dev\cohort18-private\prog2final\zeropercentcoverage\fieagameengine\build\obj\library.desktop\win32\release\pch.obj
c:\dev\cohort18-private\prog2final\zeropercentcoverage\fieagameengine\build\obj\library.desktop\win32\release\reaction.obj
c:\dev\cohort18-private\prog2final\zeropercentcoverage\fieagameengine\build\obj\library.desktop\win32\release\jsontableparsehelper.obj
c:\dev\cohort18-private\prog2final\zeropercentcoverage\fieagameengine\build\obj\library.desktop\win32\release\jsonparsecoordinator.obj
c:\dev\cohort18-private\prog2final\zeropercentcoverage\fieagameengine\build\obj\library.desktop\win32\release\ijsonparsehelper.obj
c:\dev\cohort18-private\prog2final\zeropercentcoverage\fieagameengine\build\obj\library.desktop\win32\release\gametime.obj
c:\dev\cohort18-private\prog2final\zeropercentcoverage\fieagameengine\build\obj\library.desktop\win32\release\gamestate.obj
c:\dev\cohort18-private\prog2final\zeropercentcoverage\fieagameengine\build\obj\library.desktop\win32\release\gameobject.obj
c:\dev\cohort18-private\prog2final\zeropercentcoverage\fieagameengine\build\obj\library.desktop\win32\release\gameclock.obj
c:\dev\cohort18-private\prog2final\zeropercentcoverage\fieagameengine\build\obj\library.desktop\win32\release\eventsubscriber.obj
c:\dev\cohort18-private\prog2final\zeropercentcoverage\fieagameengine\build\obj\library.desktop\win32\release\eventqueue.obj
c:\dev\cohort18-private\prog2final\zeropercentcoverage\fieagameengine\build\obj\library.desktop\win32\release\eventpublisher.obj
c:\dev\cohort18-private\prog2final\zeropercentcoverage\fieagameengine\build\obj\library.desktop\win32\release\eventmessageattributed.obj
c:\dev\cohort18-private\prog2final\zeropercentcoverage\fieagameengine\build\obj\library.desktop\win32\release\datum.obj
c:\dev\cohort18-private\prog2final\zeropercentcoverage\fieagameengine\build\obj\library.desktop\win32\release\attributed.obj
c:\dev\cohort18-private\prog2final\zeropercentcoverage\fieagameengine\build\obj\library.desktop\win32\release\actionlistif.obj
c:\dev\cohort18-private\prog2final\zeropercentcoverage\fieagameengine\build\obj\library.desktop\win32\release\actionlist.obj
c:\dev\cohort18-private\prog2final\zeropercentcoverage\fieagameengine\build\obj\library.desktop\win32\release\actionincrement.obj
c:\dev\cohort18-private\prog2final\zeropercentcoverage\fieagameengine\build\obj\library.desktop\win32\release\actiondestroyaction.obj
c:\dev\cohort18-private\prog2final\zeropercentcoverage\fieagameengine\build\obj\library.desktop\win32\release\actioncreateaction.obj
c:\dev\cohort18-private\prog2final\zeropercentcoverage\fieagameengine\build\obj\library.desktop\win32\release\action.obj
c:\dev\cohort18-private\prog2final\zeropercentcoverage\fieagameengine\build\obj\library.desktop\win32\release\enemyjump.obj
c:\dev\cohort18-private\prog2final\zeropercentcoverage\fieagameengine\build\obj\library.desktop\win32\release\enemyhorizontal.obj
c:\dev\cohort18-private\prog2final\zeropercentcoverage\fieagameengine\build\obj\library.desktop\win32\release\enemybase.obj
c:\dev\cohort18-private\prog2final\zeropercentcoverage\fieagameengine\build\obj\library.desktop\win32\release\typeregistry.obj
c:\dev\cohort18-private\prog2final\zeropercentcoverage\fieagameengine\build\obj\library.desktop\win32\release\scope.obj
c:\dev\cohort18-private\prog2final\zeropercentcoverage\fieagameengine\build\obj\library.desktop\win32\release\reactionattributed.obj
c:\dev\cohort18-private\prog2final\zeropercentcoverage\fieagameengine\build\bin\library.desktop\win32\release\library.desktop.lib
c:\dev\cohort18-private\prog2final\zeropercentcoverage\fieagameengine\build\obj\library.desktop\win32\release\library.desktop.tlog\cl.command.1.tlog
c:\dev\cohort18-private\prog2final\zeropercentcoverage\fieagameengine\build\obj\library.desktop\win32\release\library.desktop.tlog\cl.read.1.tlog
c:\dev\cohort18-private\prog2final\zeropercentcoverage\fieagameengine\build\obj\library.desktop\win32\release\library.desktop.tlog\cl.write.1.tlog
c:\dev\cohort18-private\prog2final\zeropercentcoverage\fieagameengine\build\obj\library.desktop\win32\release\library.desktop.tlog\lib-link.read.1.tlog
c:\dev\cohort18-private\prog2final\zeropercentcoverage\fieagameengine\build\obj\library.desktop\win32\release\library.desktop.tlog\lib-link.write.1.tlog
c:\dev\cohort18-private\prog2final\zeropercentcoverage\fieagameengine\build\obj\library.desktop\win32\release\library.desktop.tlog\lib.command.1.tlog
