c:\dev\cohort18-private\prog2final\zeropercentcoverage\fieagameengine\build\obj\game.desktop\win32\release\game.desktop.pch
c:\dev\cohort18-private\prog2final\zeropercentcoverage\fieagameengine\build\obj\game.desktop\win32\release\vc142.pdb
c:\dev\cohort18-private\prog2final\zeropercentcoverage\fieagameengine\build\obj\game.desktop\win32\release\pch.obj
c:\dev\cohort18-private\prog2final\zeropercentcoverage\fieagameengine\build\obj\game.desktop\win32\release\renderer.obj
c:\dev\cohort18-private\prog2final\zeropercentcoverage\fieagameengine\build\obj\game.desktop\win32\release\program.obj
c:\dev\cohort18-private\prog2final\zeropercentcoverage\fieagameengine\build\obj\game.desktop\win32\release\playermanager.obj
c:\dev\cohort18-private\prog2final\zeropercentcoverage\fieagameengine\build\obj\game.desktop\win32\release\playerprojectile.obj
c:\dev\cohort18-private\prog2final\zeropercentcoverage\fieagameengine\build\obj\game.desktop\win32\release\platform.obj
c:\dev\cohort18-private\prog2final\zeropercentcoverage\fieagameengine\build\obj\game.desktop\win32\release\audiomanager.obj
c:\dev\cohort18-private\prog2final\zeropercentcoverage\fieagameengine\build\obj\game.desktop\win32\release\timeplatform.obj
c:\dev\cohort18-private\prog2final\zeropercentcoverage\fieagameengine\build\obj\game.desktop\win32\release\moveableplatform.obj
c:\dev\cohort18-private\prog2final\zeropercentcoverage\fieagameengine\build\obj\game.desktop\win32\release\levelmanager.obj
c:\dev\cohort18-private\prog2final\zeropercentcoverage\fieagameengine\build\obj\game.desktop\win32\release\level.obj
c:\dev\cohort18-private\prog2final\zeropercentcoverage\fieagameengine\build\obj\game.desktop\win32\release\destructableplatform.obj
c:\dev\cohort18-private\prog2final\zeropercentcoverage\fieagameengine\build\obj\game.desktop\win32\release\inputlistener.obj
c:\dev\cohort18-private\prog2final\zeropercentcoverage\fieagameengine\build\obj\game.desktop\win32\release\actionsetplayerheight.obj
c:\dev\cohort18-private\prog2final\zeropercentcoverage\fieagameengine\build\bin\game.desktop\win32\release\game.desktop.pdb
c:\dev\cohort18-private\prog2final\zeropercentcoverage\fieagameengine\build\bin\game.desktop\win32\release\game.desktop.exe
c:\dev\cohort18-private\prog2final\zeropercentcoverage\fieagameengine\build\obj\game.desktop\win32\release\game.desktop.tlog\cl.command.1.tlog
c:\dev\cohort18-private\prog2final\zeropercentcoverage\fieagameengine\build\obj\game.desktop\win32\release\game.desktop.tlog\cl.read.1.tlog
c:\dev\cohort18-private\prog2final\zeropercentcoverage\fieagameengine\build\obj\game.desktop\win32\release\game.desktop.tlog\cl.write.1.tlog
c:\dev\cohort18-private\prog2final\zeropercentcoverage\fieagameengine\build\obj\game.desktop\win32\release\game.desktop.tlog\link.command.1.tlog
c:\dev\cohort18-private\prog2final\zeropercentcoverage\fieagameengine\build\obj\game.desktop\win32\release\game.desktop.tlog\link.read.1.tlog
