c:\dev\cohort18-private\prog2final\zeropercentcoverage\fieagameengine\build\obj\game.desktop\win32\debug\game.desktop.pch
c:\dev\cohort18-private\prog2final\zeropercentcoverage\fieagameengine\build\obj\game.desktop\win32\debug\vc142.pdb
c:\dev\cohort18-private\prog2final\zeropercentcoverage\fieagameengine\build\obj\game.desktop\win32\debug\vc142.idb
c:\dev\cohort18-private\prog2final\zeropercentcoverage\fieagameengine\build\obj\game.desktop\win32\debug\pch.obj
c:\dev\cohort18-private\prog2final\zeropercentcoverage\fieagameengine\build\obj\game.desktop\win32\debug\renderer.obj
c:\dev\cohort18-private\prog2final\zeropercentcoverage\fieagameengine\build\obj\game.desktop\win32\debug\program.obj
c:\dev\cohort18-private\prog2final\zeropercentcoverage\fieagameengine\build\obj\game.desktop\win32\debug\playermanager.obj
c:\dev\cohort18-private\prog2final\zeropercentcoverage\fieagameengine\build\obj\game.desktop\win32\debug\playerprojectile.obj
c:\dev\cohort18-private\prog2final\zeropercentcoverage\fieagameengine\build\obj\game.desktop\win32\debug\platform.obj
c:\dev\cohort18-private\prog2final\zeropercentcoverage\fieagameengine\build\obj\game.desktop\win32\debug\audiomanager.obj
c:\dev\cohort18-private\prog2final\zeropercentcoverage\fieagameengine\build\obj\game.desktop\win32\debug\timeplatform.obj
c:\dev\cohort18-private\prog2final\zeropercentcoverage\fieagameengine\build\obj\game.desktop\win32\debug\moveableplatform.obj
c:\dev\cohort18-private\prog2final\zeropercentcoverage\fieagameengine\build\obj\game.desktop\win32\debug\levelmanager.obj
c:\dev\cohort18-private\prog2final\zeropercentcoverage\fieagameengine\build\obj\game.desktop\win32\debug\level.obj
c:\dev\cohort18-private\prog2final\zeropercentcoverage\fieagameengine\build\obj\game.desktop\win32\debug\destructableplatform.obj
c:\dev\cohort18-private\prog2final\zeropercentcoverage\fieagameengine\build\obj\game.desktop\win32\debug\inputlistener.obj
c:\dev\cohort18-private\prog2final\zeropercentcoverage\fieagameengine\build\obj\game.desktop\win32\debug\actionsetplayerheight.obj
c:\dev\cohort18-private\prog2final\zeropercentcoverage\fieagameengine\build\bin\game.desktop\win32\debug\game.desktop.pdb
c:\dev\cohort18-private\prog2final\zeropercentcoverage\fieagameengine\build\bin\game.desktop\win32\debug\game.desktop.exe
c:\dev\cohort18-private\prog2final\zeropercentcoverage\fieagameengine\build\obj\game.desktop\win32\debug\game.desktop.tlog\cl.command.1.tlog
c:\dev\cohort18-private\prog2final\zeropercentcoverage\fieagameengine\build\obj\game.desktop\win32\debug\game.desktop.tlog\cl.read.1.tlog
c:\dev\cohort18-private\prog2final\zeropercentcoverage\fieagameengine\build\obj\game.desktop\win32\debug\game.desktop.tlog\cl.write.1.tlog
c:\dev\cohort18-private\prog2final\zeropercentcoverage\fieagameengine\build\obj\game.desktop\win32\debug\game.desktop.tlog\link.command.1.tlog
c:\dev\cohort18-private\prog2final\zeropercentcoverage\fieagameengine\build\obj\game.desktop\win32\debug\game.desktop.tlog\link.read.1.tlog
c:\dev\cohort18-private\prog2final\zeropercentcoverage\fieagameengine\build\obj\game.desktop\win32\debug\game.desktop.tlog\link.write.1.tlog
